0 info it worked if it ends with ok
1 verbose cli [ 'node',
1 verbose cli   '/bin/npm',
1 verbose cli   'install',
1 verbose cli   'express',
1 verbose cli   'q',
1 verbose cli   'mysql',
1 verbose cli   'body-parser',
1 verbose cli   'jasmine',
1 verbose cli   'request',
1 verbose cli   'lessc' ]
2 info using npm@1.3.6
3 info using node@v0.10.36
4 verbose node symlink /bin/node
5 verbose cache add [ 'express', null ]
6 verbose cache add name=undefined spec="express" args=["express",null]
7 verbose parsed url { protocol: null,
7 verbose parsed url   slashes: null,
7 verbose parsed url   auth: null,
7 verbose parsed url   host: null,
7 verbose parsed url   port: null,
7 verbose parsed url   hostname: null,
7 verbose parsed url   hash: null,
7 verbose parsed url   search: null,
7 verbose parsed url   query: null,
7 verbose parsed url   pathname: 'express',
7 verbose parsed url   path: 'express',
7 verbose parsed url   href: 'express' }
8 verbose cache add [ 'q', null ]
9 verbose cache add name=undefined spec="q" args=["q",null]
10 verbose parsed url { protocol: null,
10 verbose parsed url   slashes: null,
10 verbose parsed url   auth: null,
10 verbose parsed url   host: null,
10 verbose parsed url   port: null,
10 verbose parsed url   hostname: null,
10 verbose parsed url   hash: null,
10 verbose parsed url   search: null,
10 verbose parsed url   query: null,
10 verbose parsed url   pathname: 'q',
10 verbose parsed url   path: 'q',
10 verbose parsed url   href: 'q' }
11 verbose cache add [ 'mysql', null ]
12 verbose cache add name=undefined spec="mysql" args=["mysql",null]
13 verbose parsed url { protocol: null,
13 verbose parsed url   slashes: null,
13 verbose parsed url   auth: null,
13 verbose parsed url   host: null,
13 verbose parsed url   port: null,
13 verbose parsed url   hostname: null,
13 verbose parsed url   hash: null,
13 verbose parsed url   search: null,
13 verbose parsed url   query: null,
13 verbose parsed url   pathname: 'mysql',
13 verbose parsed url   path: 'mysql',
13 verbose parsed url   href: 'mysql' }
14 verbose cache add [ 'body-parser', null ]
15 verbose cache add name=undefined spec="body-parser" args=["body-parser",null]
16 verbose parsed url { protocol: null,
16 verbose parsed url   slashes: null,
16 verbose parsed url   auth: null,
16 verbose parsed url   host: null,
16 verbose parsed url   port: null,
16 verbose parsed url   hostname: null,
16 verbose parsed url   hash: null,
16 verbose parsed url   search: null,
16 verbose parsed url   query: null,
16 verbose parsed url   pathname: 'body-parser',
16 verbose parsed url   path: 'body-parser',
16 verbose parsed url   href: 'body-parser' }
17 verbose cache add [ 'jasmine', null ]
18 verbose cache add name=undefined spec="jasmine" args=["jasmine",null]
19 verbose parsed url { protocol: null,
19 verbose parsed url   slashes: null,
19 verbose parsed url   auth: null,
19 verbose parsed url   host: null,
19 verbose parsed url   port: null,
19 verbose parsed url   hostname: null,
19 verbose parsed url   hash: null,
19 verbose parsed url   search: null,
19 verbose parsed url   query: null,
19 verbose parsed url   pathname: 'jasmine',
19 verbose parsed url   path: 'jasmine',
19 verbose parsed url   href: 'jasmine' }
20 verbose cache add [ 'request', null ]
21 verbose cache add name=undefined spec="request" args=["request",null]
22 verbose parsed url { protocol: null,
22 verbose parsed url   slashes: null,
22 verbose parsed url   auth: null,
22 verbose parsed url   host: null,
22 verbose parsed url   port: null,
22 verbose parsed url   hostname: null,
22 verbose parsed url   hash: null,
22 verbose parsed url   search: null,
22 verbose parsed url   query: null,
22 verbose parsed url   pathname: 'request',
22 verbose parsed url   path: 'request',
22 verbose parsed url   href: 'request' }
23 verbose cache add [ 'lessc', null ]
24 verbose cache add name=undefined spec="lessc" args=["lessc",null]
25 verbose parsed url { protocol: null,
25 verbose parsed url   slashes: null,
25 verbose parsed url   auth: null,
25 verbose parsed url   host: null,
25 verbose parsed url   port: null,
25 verbose parsed url   hostname: null,
25 verbose parsed url   hash: null,
25 verbose parsed url   search: null,
25 verbose parsed url   query: null,
25 verbose parsed url   pathname: 'lessc',
25 verbose parsed url   path: 'lessc',
25 verbose parsed url   href: 'lessc' }
26 silly lockFile f3c62de4-express express
27 verbose lock express /root/.npm/f3c62de4-express.lock
28 silly lockFile 22ea1c64-q q
29 verbose lock q /root/.npm/22ea1c64-q.lock
30 silly lockFile f460c882-mysql mysql
31 verbose lock mysql /root/.npm/f460c882-mysql.lock
32 silly lockFile 14cf125c-body-parser body-parser
33 verbose lock body-parser /root/.npm/14cf125c-body-parser.lock
34 silly lockFile 5bfd08bd-jasmine jasmine
35 verbose lock jasmine /root/.npm/5bfd08bd-jasmine.lock
36 silly lockFile 088e29b0-request request
37 verbose lock request /root/.npm/088e29b0-request.lock
38 silly lockFile 8b3a335c-lessc lessc
39 verbose lock lessc /root/.npm/8b3a335c-lessc.lock
40 silly lockFile f3c62de4-express express
41 silly lockFile f3c62de4-express express
42 silly lockFile 22ea1c64-q q
43 silly lockFile 22ea1c64-q q
44 silly lockFile f460c882-mysql mysql
45 silly lockFile f460c882-mysql mysql
46 silly lockFile 14cf125c-body-parser body-parser
47 silly lockFile 14cf125c-body-parser body-parser
48 silly lockFile 5bfd08bd-jasmine jasmine
49 silly lockFile 5bfd08bd-jasmine jasmine
50 silly lockFile 088e29b0-request request
51 silly lockFile 088e29b0-request request
52 silly lockFile 8b3a335c-lessc lessc
53 silly lockFile 8b3a335c-lessc lessc
54 verbose addNamed [ 'express', '' ]
55 verbose addNamed [ null, '*' ]
56 silly lockFile 64a534c1-express express@
57 verbose lock express@ /root/.npm/64a534c1-express.lock
58 verbose addNamed [ 'q', '' ]
59 verbose addNamed [ null, '*' ]
60 silly lockFile f83edb5d-q q@
61 verbose lock q@ /root/.npm/f83edb5d-q.lock
62 verbose addNamed [ 'mysql', '' ]
63 verbose addNamed [ null, '*' ]
64 silly lockFile 6df78a86-mysql mysql@
65 verbose lock mysql@ /root/.npm/6df78a86-mysql.lock
66 verbose addNamed [ 'body-parser', '' ]
67 verbose addNamed [ null, '*' ]
68 silly lockFile 9f665704-body-parser body-parser@
69 verbose lock body-parser@ /root/.npm/9f665704-body-parser.lock
70 verbose addNamed [ 'jasmine', '' ]
71 verbose addNamed [ null, '*' ]
72 silly lockFile fdd358a6-jasmine jasmine@
73 verbose lock jasmine@ /root/.npm/fdd358a6-jasmine.lock
74 verbose addNamed [ 'request', '' ]
75 verbose addNamed [ null, '*' ]
76 silly lockFile 9d461bcf-request request@
77 verbose lock request@ /root/.npm/9d461bcf-request.lock
78 verbose addNamed [ 'lessc', '' ]
79 verbose addNamed [ null, '*' ]
80 silly lockFile a47c36bc-lessc lessc@
81 verbose lock lessc@ /root/.npm/a47c36bc-lessc.lock
82 silly addNameRange { name: 'express', range: '*', hasData: false }
83 silly addNameRange { name: 'mysql', range: '*', hasData: false }
84 silly addNameRange { name: 'q', range: '*', hasData: false }
85 silly addNameRange { name: 'body-parser', range: '*', hasData: false }
86 silly addNameRange { name: 'jasmine', range: '*', hasData: false }
87 silly addNameRange { name: 'request', range: '*', hasData: false }
88 silly addNameRange { name: 'lessc', range: '*', hasData: false }
89 verbose url raw lessc
90 verbose url resolving [ 'https://registry.npmjs.org/', './lessc' ]
91 verbose url resolved https://registry.npmjs.org/lessc
92 info trying registry request attempt 1 at 09:24:07
93 http GET https://registry.npmjs.org/lessc
94 verbose url raw mysql
95 verbose url resolving [ 'https://registry.npmjs.org/', './mysql' ]
96 verbose url resolved https://registry.npmjs.org/mysql
97 info trying registry request attempt 1 at 09:24:07
98 verbose etag "38OBC6QMZTR9Q4Y3IMLOWHFO0"
99 http GET https://registry.npmjs.org/mysql
100 verbose url raw q
101 verbose url resolving [ 'https://registry.npmjs.org/', './q' ]
102 verbose url resolved https://registry.npmjs.org/q
103 info trying registry request attempt 1 at 09:24:07
104 verbose etag "1YUVITT4CTEPE4DJD2WTUWZNK"
105 http GET https://registry.npmjs.org/q
106 verbose url raw jasmine
107 verbose url resolving [ 'https://registry.npmjs.org/', './jasmine' ]
108 verbose url resolved https://registry.npmjs.org/jasmine
109 info trying registry request attempt 1 at 09:24:07
110 verbose etag "DTICB4ERGFCXY0OBIU1QXM0X2"
111 http GET https://registry.npmjs.org/jasmine
112 verbose url raw body-parser
113 verbose url resolving [ 'https://registry.npmjs.org/', './body-parser' ]
114 verbose url resolved https://registry.npmjs.org/body-parser
115 info trying registry request attempt 1 at 09:24:07
116 verbose etag "7C078POWUQUINXCILLA4MXB34"
117 http GET https://registry.npmjs.org/body-parser
118 verbose url raw express
119 verbose url resolving [ 'https://registry.npmjs.org/', './express' ]
120 verbose url resolved https://registry.npmjs.org/express
121 info trying registry request attempt 1 at 09:24:07
122 verbose etag "5KNWXAIOAB1N72YNUDN5XACQQ"
123 http GET https://registry.npmjs.org/express
124 verbose url raw request
125 verbose url resolving [ 'https://registry.npmjs.org/', './request' ]
126 verbose url resolved https://registry.npmjs.org/request
127 info trying registry request attempt 1 at 09:24:07
128 verbose etag "AY24MLJWCFV6AYHMHW72N35OF"
129 http GET https://registry.npmjs.org/request
130 http 304 https://registry.npmjs.org/mysql
131 silly registry.get cb [ 304,
131 silly registry.get   { date: 'Sun, 14 Feb 2016 09:24:08 GMT',
131 silly registry.get     via: '1.1 varnish',
131 silly registry.get     'cache-control': 'max-age=300',
131 silly registry.get     etag: '"38OBC6QMZTR9Q4Y3IMLOWHFO0"',
131 silly registry.get     age: '230',
131 silly registry.get     connection: 'keep-alive',
131 silly registry.get     'x-served-by': 'cache-ams4128-AMS',
131 silly registry.get     'x-cache': 'HIT',
131 silly registry.get     'x-cache-hits': '1',
131 silly registry.get     'x-timer': 'S1455441848.022405,VS0,VE0',
131 silly registry.get     vary: 'Accept' } ]
132 verbose etag mysql from cache
133 http 304 https://registry.npmjs.org/q
134 silly registry.get cb [ 304,
134 silly registry.get   { date: 'Sun, 14 Feb 2016 09:24:08 GMT',
134 silly registry.get     via: '1.1 varnish',
134 silly registry.get     'cache-control': 'max-age=300',
134 silly registry.get     etag: '"1YUVITT4CTEPE4DJD2WTUWZNK"',
134 silly registry.get     age: '179',
134 silly registry.get     connection: 'keep-alive',
134 silly registry.get     'x-served-by': 'cache-ams4148-AMS',
134 silly registry.get     'x-cache': 'HIT',
134 silly registry.get     'x-cache-hits': '2',
134 silly registry.get     'x-timer': 'S1455441848.024156,VS0,VE0',
134 silly registry.get     vary: 'Accept' } ]
135 verbose etag q from cache
136 http 304 https://registry.npmjs.org/body-parser
137 silly registry.get cb [ 304,
137 silly registry.get   { date: 'Sun, 14 Feb 2016 09:24:08 GMT',
137 silly registry.get     via: '1.1 varnish',
137 silly registry.get     'cache-control': 'max-age=300',
137 silly registry.get     etag: '"7C078POWUQUINXCILLA4MXB34"',
137 silly registry.get     age: '166',
137 silly registry.get     connection: 'keep-alive',
137 silly registry.get     'x-served-by': 'cache-ams4149-AMS',
137 silly registry.get     'x-cache': 'HIT',
137 silly registry.get     'x-cache-hits': '1',
137 silly registry.get     'x-timer': 'S1455441848.024731,VS0,VE0',
137 silly registry.get     vary: 'Accept' } ]
138 verbose etag body-parser from cache
139 http 304 https://registry.npmjs.org/express
140 silly registry.get cb [ 304,
140 silly registry.get   { date: 'Sun, 14 Feb 2016 09:24:08 GMT',
140 silly registry.get     via: '1.1 varnish',
140 silly registry.get     'cache-control': 'max-age=300',
140 silly registry.get     etag: '"5KNWXAIOAB1N72YNUDN5XACQQ"',
140 silly registry.get     age: '172',
140 silly registry.get     connection: 'keep-alive',
140 silly registry.get     'x-served-by': 'cache-ams4128-AMS',
140 silly registry.get     'x-cache': 'HIT',
140 silly registry.get     'x-cache-hits': '4',
140 silly registry.get     'x-timer': 'S1455441848.049930,VS0,VE0',
140 silly registry.get     vary: 'Accept' } ]
141 verbose etag express from cache
142 http 304 https://registry.npmjs.org/request
143 silly registry.get cb [ 304,
143 silly registry.get   { date: 'Sun, 14 Feb 2016 09:24:08 GMT',
143 silly registry.get     via: '1.1 varnish',
143 silly registry.get     'cache-control': 'max-age=300',
143 silly registry.get     etag: '"AY24MLJWCFV6AYHMHW72N35OF"',
143 silly registry.get     age: '103',
143 silly registry.get     connection: 'keep-alive',
143 silly registry.get     'x-served-by': 'cache-ams4148-AMS',
143 silly registry.get     'x-cache': 'HIT',
143 silly registry.get     'x-cache-hits': '2',
143 silly registry.get     'x-timer': 'S1455441848.051634,VS0,VE0',
143 silly registry.get     vary: 'Accept' } ]
144 verbose etag request from cache
145 silly addNameRange number 2 { name: 'mysql', range: '*', hasData: true }
146 silly addNameRange versions [ 'mysql',
146 silly addNameRange   [ '0.1.0',
146 silly addNameRange     '0.2.0',
146 silly addNameRange     '0.3.0',
146 silly addNameRange     '0.4.0',
146 silly addNameRange     '0.5.0',
146 silly addNameRange     '0.6.0',
146 silly addNameRange     '0.7.0',
146 silly addNameRange     '0.8.0',
146 silly addNameRange     '0.9.0',
146 silly addNameRange     '0.9.1',
146 silly addNameRange     '0.9.2',
146 silly addNameRange     '0.9.3',
146 silly addNameRange     '0.9.4',
146 silly addNameRange     '0.9.5',
146 silly addNameRange     '0.9.6',
146 silly addNameRange     '2.0.0-alpha',
146 silly addNameRange     '2.0.0-alpha2',
146 silly addNameRange     '2.0.0-alpha3',
146 silly addNameRange     '2.0.0-alpha4',
146 silly addNameRange     '2.0.0-alpha5',
146 silly addNameRange     '2.0.0-alpha6',
146 silly addNameRange     '2.0.0-alpha7',
146 silly addNameRange     '2.0.0-alpha8',
146 silly addNameRange     '2.0.0-alpha9',
146 silly addNameRange     '2.0.0-rc1',
146 silly addNameRange     '2.0.0-rc2',
146 silly addNameRange     '2.0.0',
146 silly addNameRange     '2.0.1',
146 silly addNameRange     '2.1.0',
146 silly addNameRange     '2.1.1',
146 silly addNameRange     '2.2.0',
146 silly addNameRange     '2.3.0',
146 silly addNameRange     '2.3.1',
146 silly addNameRange     '2.3.2',
146 silly addNameRange     '2.4.0',
146 silly addNameRange     '2.4.1',
146 silly addNameRange     '2.4.2',
146 silly addNameRange     '2.4.3',
146 silly addNameRange     '2.5.0',
146 silly addNameRange     '2.5.1',
146 silly addNameRange     '2.5.2',
146 silly addNameRange     '2.5.3',
146 silly addNameRange     '2.5.4',
146 silly addNameRange     '2.5.5',
146 silly addNameRange     '2.6.0',
146 silly addNameRange     '2.6.1',
146 silly addNameRange     '2.6.2',
146 silly addNameRange     '2.7.0',
146 silly addNameRange     '2.8.0',
146 silly addNameRange     '2.9.0',
146 silly addNameRange     '2.10.0',
146 silly addNameRange     '2.10.1',
146 silly addNameRange     '2.10.2' ] ]
147 verbose addNamed [ 'mysql', '2.10.2' ]
148 verbose addNamed [ '2.10.2', '2.10.2' ]
149 silly lockFile 72f49f16-mysql-2-10-2 mysql@2.10.2
150 verbose lock mysql@2.10.2 /root/.npm/72f49f16-mysql-2-10-2.lock
151 silly addNameRange number 2 { name: 'q', range: '*', hasData: true }
152 silly addNameRange versions [ 'q',
152 silly addNameRange   [ '0.0.0',
152 silly addNameRange     '0.0.1',
152 silly addNameRange     '0.0.2',
152 silly addNameRange     '0.0.3',
152 silly addNameRange     '0.1.0',
152 silly addNameRange     '0.1.1',
152 silly addNameRange     '0.1.2',
152 silly addNameRange     '0.1.3',
152 silly addNameRange     '0.1.4',
152 silly addNameRange     '0.1.5',
152 silly addNameRange     '0.1.6',
152 silly addNameRange     '0.1.7',
152 silly addNameRange     '0.1.8',
152 silly addNameRange     '0.1.9',
152 silly addNameRange     '0.2.0-rc1',
152 silly addNameRange     '0.2.0',
152 silly addNameRange     '0.2.1',
152 silly addNameRange     '0.2.2',
152 silly addNameRange     '0.2.3',
152 silly addNameRange     '0.2.4',
152 silly addNameRange     '0.2.5',
152 silly addNameRange     '0.2.6',
152 silly addNameRange     '0.2.7',
152 silly addNameRange     '0.2.8',
152 silly addNameRange     '0.2.9',
152 silly addNameRange     '0.3.0',
152 silly addNameRange     '0.2.10',
152 silly addNameRange     '0.4.0',
152 silly addNameRange     '0.4.1',
152 silly addNameRange     '0.4.2',
152 silly addNameRange     '0.4.4',
152 silly addNameRange     '0.5.0',
152 silly addNameRange     '0.5.1',
152 silly addNameRange     '0.5.2',
152 silly addNameRange     '0.5.3',
152 silly addNameRange     '0.6.0',
152 silly addNameRange     '0.7.0',
152 silly addNameRange     '0.7.1',
152 silly addNameRange     '0.7.2',
152 silly addNameRange     '0.8.0',
152 silly addNameRange     '0.8.1',
152 silly addNameRange     '0.8.2',
152 silly addNameRange     '0.8.3',
152 silly addNameRange     '0.8.4',
152 silly addNameRange     '0.8.5',
152 silly addNameRange     '0.8.6',
152 silly addNameRange     '0.8.7',
152 silly addNameRange     '0.8.8',
152 silly addNameRange     '0.8.9',
152 silly addNameRange     '0.8.10',
152 silly addNameRange     '0.8.11',
152 silly addNameRange     '0.8.12',
152 silly addNameRange     '0.9.0',
152 silly addNameRange     '0.9.1',
152 silly addNameRange     '0.9.2',
152 silly addNameRange     '0.9.3',
152 silly addNameRange     '0.9.4',
152 silly addNameRange     '0.9.5',
152 silly addNameRange     '0.9.6',
152 silly addNameRange     '0.9.7',
152 silly addNameRange     '1.0.0',
152 silly addNameRange     '1.0.1',
152 silly addNameRange     '2.0.0',
152 silly addNameRange     '2.0.1',
152 silly addNameRange     '2.0.2',
152 silly addNameRange     '1.1.0',
152 silly addNameRange     '1.1.1',
152 silly addNameRange     '1.1.2',
152 silly addNameRange     '2.0.3',
152 silly addNameRange     '1.2.0',
152 silly addNameRange     '1.2.1',
152 silly addNameRange     '1.3.0',
152 silly addNameRange     '1.4.0',
152 silly addNameRange     '1.4.1' ] ]
153 verbose addNamed [ 'q', '1.4.1' ]
154 verbose addNamed [ '1.4.1', '1.4.1' ]
155 silly lockFile 0ea9f2d2-q-1-4-1 q@1.4.1
156 verbose lock q@1.4.1 /root/.npm/0ea9f2d2-q-1-4-1.lock
157 silly addNameRange number 2 { name: 'body-parser', range: '*', hasData: true }
158 silly addNameRange versions [ 'body-parser',
158 silly addNameRange   [ '1.0.0',
158 silly addNameRange     '1.0.1',
158 silly addNameRange     '1.0.2',
158 silly addNameRange     '1.1.0',
158 silly addNameRange     '1.1.1',
158 silly addNameRange     '1.1.2',
158 silly addNameRange     '1.2.0',
158 silly addNameRange     '1.2.1',
158 silly addNameRange     '1.2.2',
158 silly addNameRange     '1.3.0',
158 silly addNameRange     '1.3.1',
158 silly addNameRange     '1.4.0',
158 silly addNameRange     '1.4.1',
158 silly addNameRange     '1.4.2',
158 silly addNameRange     '1.4.3',
158 silly addNameRange     '1.5.0',
158 silly addNameRange     '1.5.1',
158 silly addNameRange     '1.5.2',
158 silly addNameRange     '1.6.0',
158 silly addNameRange     '1.6.1',
158 silly addNameRange     '1.6.2',
158 silly addNameRange     '1.6.3',
158 silly addNameRange     '1.6.4',
158 silly addNameRange     '1.6.5',
158 silly addNameRange     '1.6.6',
158 silly addNameRange     '1.6.7',
158 silly addNameRange     '1.7.0',
158 silly addNameRange     '1.8.0',
158 silly addNameRange     '1.8.1',
158 silly addNameRange     '1.8.2',
158 silly addNameRange     '1.8.3',
158 silly addNameRange     '1.8.4',
158 silly addNameRange     '1.9.0',
158 silly addNameRange     '1.9.1',
158 silly addNameRange     '1.9.2',
158 silly addNameRange     '1.9.3',
158 silly addNameRange     '1.10.0',
158 silly addNameRange     '1.10.1',
158 silly addNameRange     '1.10.2',
158 silly addNameRange     '1.11.0',
158 silly addNameRange     '1.12.0',
158 silly addNameRange     '1.12.1',
158 silly addNameRange     '1.12.2',
158 silly addNameRange     '1.12.3',
158 silly addNameRange     '1.12.4',
158 silly addNameRange     '1.13.0',
158 silly addNameRange     '1.13.1',
158 silly addNameRange     '1.13.2',
158 silly addNameRange     '1.13.3',
158 silly addNameRange     '1.14.0',
158 silly addNameRange     '1.14.1',
158 silly addNameRange     '1.14.2',
158 silly addNameRange     '1.15.0' ] ]
159 verbose addNamed [ 'body-parser', '1.15.0' ]
160 verbose addNamed [ '1.15.0', '1.15.0' ]
161 silly lockFile 0f65416a-body-parser-1-15-0 body-parser@1.15.0
162 verbose lock body-parser@1.15.0 /root/.npm/0f65416a-body-parser-1-15-0.lock
163 silly addNameRange number 2 { name: 'express', range: '*', hasData: true }
164 silly addNameRange versions [ 'express',
164 silly addNameRange   [ '0.14.0',
164 silly addNameRange     '0.14.1',
164 silly addNameRange     '1.0.0',
164 silly addNameRange     '1.0.1',
164 silly addNameRange     '1.0.2',
164 silly addNameRange     '1.0.3',
164 silly addNameRange     '1.0.4',
164 silly addNameRange     '1.0.5',
164 silly addNameRange     '1.0.6',
164 silly addNameRange     '1.0.7',
164 silly addNameRange     '1.0.8',
164 silly addNameRange     '2.0.0',
164 silly addNameRange     '2.1.0',
164 silly addNameRange     '2.1.1',
164 silly addNameRange     '2.2.0',
164 silly addNameRange     '2.2.1',
164 silly addNameRange     '2.2.2',
164 silly addNameRange     '2.3.0',
164 silly addNameRange     '2.3.1',
164 silly addNameRange     '2.3.2',
164 silly addNameRange     '2.3.3',
164 silly addNameRange     '2.3.4',
164 silly addNameRange     '2.3.5',
164 silly addNameRange     '2.3.6',
164 silly addNameRange     '2.3.7',
164 silly addNameRange     '2.3.8',
164 silly addNameRange     '2.3.9',
164 silly addNameRange     '2.3.10',
164 silly addNameRange     '2.3.11',
164 silly addNameRange     '2.3.12',
164 silly addNameRange     '2.4.0',
164 silly addNameRange     '2.4.1',
164 silly addNameRange     '2.4.2',
164 silly addNameRange     '2.4.3',
164 silly addNameRange     '2.4.4',
164 silly addNameRange     '2.4.5',
164 silly addNameRange     '2.4.6',
164 silly addNameRange     '2.4.7',
164 silly addNameRange     '2.5.0',
164 silly addNameRange     '2.5.1',
164 silly addNameRange     '2.5.2',
164 silly addNameRange     '2.5.3',
164 silly addNameRange     '2.5.4',
164 silly addNameRange     '2.5.5',
164 silly addNameRange     '2.5.6',
164 silly addNameRange     '2.5.7',
164 silly addNameRange     '2.5.8',
164 silly addNameRange     '2.5.9',
164 silly addNameRange     '2.5.10',
164 silly addNameRange     '2.5.11',
164 silly addNameRange     '3.0.0',
164 silly addNameRange     '3.0.1',
164 silly addNameRange     '3.0.2',
164 silly addNameRange     '3.0.3',
164 silly addNameRange     '3.0.4',
164 silly addNameRange     '3.0.5',
164 silly addNameRange     '3.0.6',
164 silly addNameRange     '3.1.0',
164 silly addNameRange     '3.1.1',
164 silly addNameRange     '3.1.2',
164 silly addNameRange     '3.2.0',
164 silly addNameRange     '3.2.1',
164 silly addNameRange     '3.2.2',
164 silly addNameRange     '3.2.3',
164 silly addNameRange     '3.2.4',
164 silly addNameRange     '3.2.5',
164 silly addNameRange     '3.2.6',
164 silly addNameRange     '3.3.0',
164 silly addNameRange     '3.3.1',
164 silly addNameRange     '3.3.2',
164 silly addNameRange     '3.3.3',
164 silly addNameRange     '3.3.4',
164 silly addNameRange     '3.3.5',
164 silly addNameRange     '3.3.6',
164 silly addNameRange     '1.0.0-beta',
164 silly addNameRange     '1.0.0-beta2',
164 silly addNameRange     '1.0.0-rc',
164 silly addNameRange     '1.0.0-rc2',
164 silly addNameRange     '1.0.0-rc3',
164 silly addNameRange     '1.0.0-rc4',
164 silly addNameRange     '2.0.0-beta',
164 silly addNameRange     '2.0.0-beta2',
164 silly addNameRange     '2.0.0-beta3',
164 silly addNameRange     '2.0.0-rc',
164 silly addNameRange     '2.0.0-rc2',
164 silly addNameRange     '2.0.0-rc3',
164 silly addNameRange     '3.0.0-alpha1',
164 silly addNameRange     '3.0.0-alpha2',
164 silly addNameRange     '3.0.0-alpha3',
164 silly addNameRange     '3.0.0-alpha4',
164 silly addNameRange     '3.0.0-alpha5',
164 silly addNameRange     '3.0.0-beta1',
164 silly addNameRange     '3.0.0-beta2',
164 silly addNameRange     '3.0.0-beta3',
164 silly addNameRange     '3.0.0-beta4',
164 silly addNameRange     '3.0.0-beta6',
164 silly addNameRange     '3.0.0-beta7',
164 silly addNameRange     '3.0.0-rc1',
164 silly addNameRange     '3.0.0-rc2',
164 silly addNameRange     '3.0.0-rc3',
164 silly addNameRange     '3.0.0-rc4',
164 silly addNameRange     '3.0.0-rc5',
164 silly addNameRange     '3.3.7',
164 silly addNameRange     '3.3.8',
164 silly addNameRange     '3.4.0',
164 silly addNameRange     '3.4.1',
164 silly addNameRange     '3.4.2',
164 silly addNameRange     '3.4.3',
164 silly addNameRange     '3.4.4',
164 silly addNameRange     '3.4.5',
164 silly addNameRange     '3.4.6',
164 silly addNameRange     '3.4.7',
164 silly addNameRange     '3.4.8',
164 silly addNameRange     '4.0.0-rc1',
164 silly addNameRange     '4.0.0-rc2',
164 silly addNameRange     '3.5.0',
164 silly addNameRange     '4.0.0-rc3',
164 silly addNameRange     '4.0.0-rc4',
164 silly addNameRange     '3.5.1',
164 silly addNameRange     '4.0.0',
164 silly addNameRange     '3.5.2',
164 silly addNameRange     '4.1.0',
164 silly addNameRange     '4.1.1',
164 silly addNameRange     '3.5.3',
164 silly addNameRange     '4.1.2',
164 silly addNameRange     '3.6.0',
164 silly addNameRange     '4.2.0',
164 silly addNameRange     '3.7.0',
164 silly addNameRange     '3.8.0',
164 silly addNameRange     '4.3.0',
164 silly addNameRange     '4.3.1',
164 silly addNameRange     '3.8.1',
164 silly addNameRange     '4.3.2',
164 silly addNameRange     '3.9.0',
164 silly addNameRange     '4.4.0',
164 silly addNameRange     '4.4.1',
164 silly addNameRange     '3.10.0',
164 silly addNameRange     '3.10.1',
164 silly addNameRange     '3.10.2',
164 silly addNameRange     '3.10.3',
164 silly addNameRange     '3.10.4',
164 silly addNameRange     '4.4.2',
164 silly addNameRange     '3.10.5',
164 silly addNameRange     '4.4.3',
164 silly addNameRange     '3.11.0',
164 silly addNameRange     '4.4.4',
164 silly addNameRange     '3.12.0',
164 silly addNameRange     '3.12.1',
164 silly addNameRange     '4.4.5',
164 silly addNameRange     '3.13.0',
164 silly addNameRange     '4.5.0',
164 silly addNameRange     '4.5.1',
164 silly addNameRange     '3.14.0',
164 silly addNameRange     '4.6.0',
164 silly addNameRange     '4.6.1',
164 silly addNameRange     '3.15.0',
164 silly addNameRange     '4.7.0',
164 silly addNameRange     '3.15.1',
164 silly addNameRange     '4.7.1',
164 silly addNameRange     '3.15.2',
164 silly addNameRange     '4.7.2',
164 silly addNameRange     '4.7.3',
164 silly addNameRange     '3.15.3',
164 silly addNameRange     '4.7.4',
164 silly addNameRange     '3.16.0',
164 silly addNameRange     '4.8.0',
164 silly addNameRange     '3.16.1',
164 silly addNameRange     '4.8.1',
164 silly addNameRange     '3.16.2',
164 silly addNameRange     '4.8.2',
164 silly addNameRange     '3.16.3',
164 silly addNameRange     '3.16.4',
164 silly addNameRange     '4.8.3',
164 silly addNameRange     '3.16.5',
164 silly addNameRange     '3.16.6',
164 silly addNameRange     '4.8.4',
164 silly addNameRange     '3.16.7',
164 silly addNameRange     '4.8.5',
164 silly addNameRange     '3.16.8',
164 silly addNameRange     '4.8.6',
164 silly addNameRange     '3.16.9',
164 silly addNameRange     '4.8.7',
164 silly addNameRange     '3.16.10',
164 silly addNameRange     '4.8.8',
164 silly addNameRange     '3.17.0',
164 silly addNameRange     '3.17.1',
164 silly addNameRange     '4.9.0',
164 silly addNameRange     '3.17.2',
164 silly addNameRange     '4.9.1',
164 silly addNameRange     '4.9.2',
164 silly addNameRange     '3.17.3',
164 silly addNameRange     '4.9.3',
164 silly addNameRange     '3.17.4',
164 silly addNameRange     '4.9.4',
164 silly addNameRange     '3.17.5',
164 silly addNameRange     '4.9.5',
164 silly addNameRange     '3.17.6',
164 silly addNameRange     '3.17.7',
164 silly addNameRange     '4.9.6',
164 silly addNameRange     '4.9.7',
164 silly addNameRange     '3.17.8',
164 silly addNameRange     '4.9.8',
164 silly addNameRange     '3.18.0',
164 silly addNameRange     '3.18.1',
164 silly addNameRange     '4.10.0',
164 silly addNameRange     '3.18.2',
164 silly addNameRange     '4.10.1',
164 silly addNameRange     '5.0.0-alpha.1',
164 silly addNameRange     '3.18.3',
164 silly addNameRange     '4.10.2',
164 silly addNameRange     '3.18.4',
164 silly addNameRange     '4.10.3',
164 silly addNameRange     '4.10.4',
164 silly addNameRange     '4.10.5',
164 silly addNameRange     '3.18.5',
164 silly addNameRange     '3.18.6',
164 silly addNameRange     '4.10.6',
164 silly addNameRange     '4.10.7',
164 silly addNameRange     '3.19.0',
164 silly addNameRange     '4.10.8',
164 silly addNameRange     '4.11.0',
164 silly addNameRange     '3.19.1',
164 silly addNameRange     '4.11.1',
164 silly addNameRange     '3.19.2',
164 silly addNameRange     '4.11.2',
164 silly addNameRange     '3.20.0',
164 silly addNameRange     '4.12.0',
164 silly addNameRange     '3.20.1',
164 silly addNameRange     '4.12.1',
164 silly addNameRange     '4.12.2',
164 silly addNameRange     '3.20.2',
164 silly addNameRange     '4.12.3',
164 silly addNameRange     '3.20.3',
164 silly addNameRange     '4.12.4',
164 silly addNameRange     '3.21.0',
164 silly addNameRange     '4.13.0',
164 silly addNameRange     '3.21.1',
164 silly addNameRange     '4.13.1',
164 silly addNameRange     '5.0.0-alpha.2',
164 silly addNameRange     '3.21.2',
164 silly addNameRange     '4.13.2',
164 silly addNameRange     '4.13.3',
164 silly addNameRange     '4.13.4' ] ]
165 verbose addNamed [ 'express', '4.13.4' ]
166 verbose addNamed [ '4.13.4', '4.13.4' ]
167 silly lockFile 23607823-express-4-13-4 express@4.13.4
168 verbose lock express@4.13.4 /root/.npm/23607823-express-4-13-4.lock
169 silly addNameRange number 2 { name: 'request', range: '*', hasData: true }
170 silly addNameRange versions [ 'request',
170 silly addNameRange   [ '0.10.0',
170 silly addNameRange     '0.8.3',
170 silly addNameRange     '0.9.0',
170 silly addNameRange     '0.9.1',
170 silly addNameRange     '0.9.5',
170 silly addNameRange     '1.0.0',
170 silly addNameRange     '1.1.0',
170 silly addNameRange     '1.1.1',
170 silly addNameRange     '1.2.0',
170 silly addNameRange     '1.9.0',
170 silly addNameRange     '1.9.1',
170 silly addNameRange     '1.9.2',
170 silly addNameRange     '1.9.3',
170 silly addNameRange     '1.9.5',
170 silly addNameRange     '1.9.7',
170 silly addNameRange     '1.9.8',
170 silly addNameRange     '1.9.9',
170 silly addNameRange     '2.0.0',
170 silly addNameRange     '2.0.1',
170 silly addNameRange     '2.0.2',
170 silly addNameRange     '2.0.3',
170 silly addNameRange     '2.0.4',
170 silly addNameRange     '2.0.5',
170 silly addNameRange     '2.1.0',
170 silly addNameRange     '2.1.1',
170 silly addNameRange     '2.2.0',
170 silly addNameRange     '2.2.5',
170 silly addNameRange     '2.2.6',
170 silly addNameRange     '2.2.9',
170 silly addNameRange     '2.9.0',
170 silly addNameRange     '2.9.1',
170 silly addNameRange     '2.9.2',
170 silly addNameRange     '2.9.3',
170 silly addNameRange     '2.9.100',
170 silly addNameRange     '2.9.150',
170 silly addNameRange     '2.9.151',
170 silly addNameRange     '2.9.152',
170 silly addNameRange     '2.9.153',
170 silly addNameRange     '2.9.200',
170 silly addNameRange     '2.9.201',
170 silly addNameRange     '2.9.202',
170 silly addNameRange     '2.9.203',
170 silly addNameRange     '2.10.0',
170 silly addNameRange     '2.11.0',
170 silly addNameRange     '2.11.1',
170 silly addNameRange     '2.11.2',
170 silly addNameRange     '2.11.3',
170 silly addNameRange     '2.11.4',
170 silly addNameRange     '2.12.0',
170 silly addNameRange     '2.14.0',
170 silly addNameRange     '2.16.0',
170 silly addNameRange     '2.16.2',
170 silly addNameRange     '2.16.4',
170 silly addNameRange     '2.16.6',
170 silly addNameRange     '2.18.0',
170 silly addNameRange     '2.19.0',
170 silly addNameRange     '2.20.0',
170 silly addNameRange     '2.21.0',
170 silly addNameRange     '2.22.0',
170 silly addNameRange     '2.23.0',
170 silly addNameRange     '2.24.0',
170 silly addNameRange     '2.25.0',
170 silly addNameRange     '2.26.0',
170 silly addNameRange     '2.27.0',
170 silly addNameRange     '2.28.0',
170 silly addNameRange     '2.29.0',
170 silly addNameRange     '2.30.0',
170 silly addNameRange     '2.31.0',
170 silly addNameRange     '2.32.0',
170 silly addNameRange     '2.33.0',
170 silly addNameRange     '2.34.0',
170 silly addNameRange     '2.35.0',
170 silly addNameRange     '2.36.0',
170 silly addNameRange     '2.37.0',
170 silly addNameRange     '2.38.0',
170 silly addNameRange     '2.39.0',
170 silly addNameRange     '2.40.0',
170 silly addNameRange     '2.41.0',
170 silly addNameRange     '2.42.0',
170 silly addNameRange     '2.43.0',
170 silly addNameRange     '2.44.0',
170 silly addNameRange     '2.45.0',
170 silly addNameRange     '2.46.0',
170 silly addNameRange     '2.47.0',
170 silly addNameRange     '2.48.0',
170 silly addNameRange     '2.49.0',
170 silly addNameRange     '2.50.0',
170 silly addNameRange     '2.51.0',
170 silly addNameRange     '2.52.0',
170 silly addNameRange     '2.53.0',
170 silly addNameRange     '2.54.0',
170 silly addNameRange     '2.55.0',
170 silly addNameRange     '2.56.0',
170 silly addNameRange     '2.57.0',
170 silly addNameRange     '2.58.0',
170 silly addNameRange     '2.59.0',
170 silly addNameRange     '2.60.0',
170 silly addNameRange     '2.61.0',
170 silly addNameRange     '2.62.0',
170 silly addNameRange     '2.63.0',
170 silly addNameRange     '2.64.0',
170 silly addNameRange     '2.65.0',
170 silly addNameRange     '2.66.0',
170 silly addNameRange     '2.67.0',
170 silly addNameRange     '2.68.0',
170 silly addNameRange     '2.69.0' ] ]
171 verbose addNamed [ 'request', '2.69.0' ]
172 verbose addNamed [ '2.69.0', '2.69.0' ]
173 silly lockFile 03846db2-request-2-69-0 request@2.69.0
174 verbose lock request@2.69.0 /root/.npm/03846db2-request-2-69-0.lock
175 silly lockFile 72f49f16-mysql-2-10-2 mysql@2.10.2
176 silly lockFile 72f49f16-mysql-2-10-2 mysql@2.10.2
177 silly lockFile 0ea9f2d2-q-1-4-1 q@1.4.1
178 silly lockFile 0ea9f2d2-q-1-4-1 q@1.4.1
179 silly lockFile 6df78a86-mysql mysql@
180 silly lockFile 6df78a86-mysql mysql@
181 silly lockFile f83edb5d-q q@
182 silly lockFile f83edb5d-q q@
183 silly lockFile 0f65416a-body-parser-1-15-0 body-parser@1.15.0
184 silly lockFile 0f65416a-body-parser-1-15-0 body-parser@1.15.0
185 silly lockFile 9f665704-body-parser body-parser@
186 silly lockFile 9f665704-body-parser body-parser@
187 silly lockFile 23607823-express-4-13-4 express@4.13.4
188 silly lockFile 23607823-express-4-13-4 express@4.13.4
189 silly lockFile 03846db2-request-2-69-0 request@2.69.0
190 silly lockFile 03846db2-request-2-69-0 request@2.69.0
191 silly lockFile 64a534c1-express express@
192 silly lockFile 64a534c1-express express@
193 silly lockFile 9d461bcf-request request@
194 silly lockFile 9d461bcf-request request@
195 http 404 https://registry.npmjs.org/lessc
196 silly registry.get cb [ 404,
196 silly registry.get   { 'content-type': 'application/json',
196 silly registry.get     'cache-control': 'max-age=0',
196 silly registry.get     'content-length': '2',
196 silly registry.get     'accept-ranges': 'bytes',
196 silly registry.get     date: 'Sun, 14 Feb 2016 09:24:08 GMT',
196 silly registry.get     via: '1.1 varnish',
196 silly registry.get     age: '0',
196 silly registry.get     connection: 'keep-alive',
196 silly registry.get     'x-served-by': 'cache-ams4129-AMS',
196 silly registry.get     'x-cache': 'MISS',
196 silly registry.get     'x-cache-hits': '0',
196 silly registry.get     'x-timer': 'S1455441848.007976,VS0,VE107' } ]
197 silly addNameRange number 2 { name: 'lessc', range: '*', hasData: true }
198 silly addNameRange versions [ undefined, [] ]
199 error TypeError: Cannot read property 'latest' of undefined
199 error     at next (/usr/lib/node_modules/npm/lib/cache.js:687:35)
199 error     at /usr/lib/node_modules/npm/lib/cache.js:675:5
199 error     at saved (/usr/lib/node_modules/npm-registry-client/lib/get.js:148:7)
199 error     at /usr/lib/node_modules/graceful-fs/polyfills.js:133:7
199 error     at Object.oncomplete (fs.js:108:15)
200 error If you need help, you may report this log at:
200 error     <http://github.com/isaacs/npm/issues>
200 error or email it to:
200 error     <npm-@googlegroups.com>
201 error System Linux 4.3.5-300.fc23.x86_64
202 error command "node" "/bin/npm" "install" "express" "q" "mysql" "body-parser" "jasmine" "request" "lessc"
203 error cwd /home/philip/Development/sky-test
204 error node -v v0.10.36
205 error npm -v 1.3.6
206 error type non_object_property_load
207 verbose exit [ 1, true ]
